<?xml version="1.0" encoding="UTF-8"?>
<!-- Generated by org.testng.reporters.JUnitXMLReporter -->
<testsuite hostname="michaels-mbp.lan" ignored="0" name="Surefire test" tests="5" failures="1" timestamp="03 Jun 2022 03:33:12 GMT" time="537.324" errors="0">
  <testcase name="Countries01_getCountriesTest" time="8.062" classname="tests.CovidTest"/>
  <testcase name="Countries02_getWebhookTest" time="0.863" classname="tests.CovidTest"/>
  <testcase name="Countries03_getConfirmedByOneDayTest" time="526.658" classname="tests.CovidTest"/>
  <testcase name="Countries04_getConfirmedByCountriesTest" time="0.902" classname="tests.CovidTest">
    <failure type="java.lang.AssertionError" message="
Expected: not &amp;lt;0&amp;gt;
     but: was &amp;lt;0&amp;gt;">
      <![CDATA[java.lang.AssertionError: 
Expected: not <0>
     but: was <0>
at org.hamcrest.MatcherAssert.assertThat(MatcherAssert.java:18)
at org.hamcrest.MatcherAssert.assertThat(MatcherAssert.java:6)
at tests.CovidTest.Countries04_getConfirmedByCountriesTest(CovidTest.java:184)
... Removed 29 stack frames]]>
    </failure>
  </testcase> <!-- Countries04_getConfirmedByCountriesTest -->
  <testcase name="Countries05_getStatsTest" time="0.808" classname="tests.CovidTest"/>
</testsuite> <!-- Surefire test -->
